Using pre-set license
Built from '2021.3/staging' branch; Version is '2021.3.16f1 (4016570cf34f) revision 4200023'; Using compiler version '192829333'; Build Type 'Release'
OS: 'Windows 10  (10.0.19044) 64bit Core' Language: 'en' Physical Memory: 32656 MB
BatchMode: 1, IsHumanControllingUs: 0, StartBugReporterOnCrash: 0, Is64bit: 1, IsPro: 1

COMMAND LINE ARGUMENTS:
C:\Program Files\Unity\Hub\Editor\2021.3.16f1\Editor\Unity.exe
-adb2
-batchMode
-noUpm
-name
AssetImportWorker0
-projectPath
C:/Users/Louie Marcou/OneDrive/Documents/GitHub/MAGD_372/ProceduralGeneration1
-logFile
Logs/AssetImportWorker0.log
-srvPort
54797
Successfully changed project path to: C:/Users/Louie Marcou/OneDrive/Documents/GitHub/MAGD_372/ProceduralGeneration1
C:/Users/Louie Marcou/OneDrive/Documents/GitHub/MAGD_372/ProceduralGeneration1
[UnityMemory] Configuration Parameters - Can be set up in boot.config
    "memorysetup-bucket-allocator-granularity=16"
    "memorysetup-bucket-allocator-bucket-count=8"
    "memorysetup-bucket-allocator-block-size=33554432"
    "memorysetup-bucket-allocator-block-count=8"
    "memorysetup-main-allocator-block-size=16777216"
    "memorysetup-thread-allocator-block-size=16777216"
    "memorysetup-gfx-main-allocator-block-size=16777216"
    "memorysetup-gfx-thread-allocator-block-size=16777216"
    "memorysetup-cache-allocator-block-size=4194304"
    "memorysetup-typetree-allocator-block-size=2097152"
    "memorysetup-profiler-bucket-allocator-granularity=16"
    "memorysetup-profiler-bucket-allocator-bucket-count=8"
    "memorysetup-profiler-bucket-allocator-block-size=33554432"
    "memorysetup-profiler-bucket-allocator-block-count=8"
    "memorysetup-profiler-allocator-block-size=16777216"
    "memorysetup-profiler-editor-allocator-block-size=1048576"
    "memorysetup-temp-allocator-size-main=16777216"
    "memorysetup-job-temp-allocator-block-size=2097152"
    "memorysetup-job-temp-allocator-block-size-background=1048576"
    "memorysetup-job-temp-allocator-reduction-small-platforms=262144"
    "memorysetup-temp-allocator-size-background-worker=32768"
    "memorysetup-temp-allocator-size-job-worker=262144"
    "memorysetup-temp-allocator-size-preload-manager=33554432"
    "memorysetup-temp-allocator-size-nav-mesh-worker=65536"
    "memorysetup-temp-allocator-size-audio-worker=65536"
    "memorysetup-temp-allocator-size-cloud-worker=32768"
    "memorysetup-temp-allocator-size-gi-baking-worker=262144"
    "memorysetup-temp-allocator-size-gfx=262144"
Player connection [10884] Host "[IP] 10.253.91.205 [Port] 0 [Flags] 2 [Guid] 3936204872 [EditorId] 3936204872 [Version] 1048832 [Id] WindowsEditor(7,DESKTOP-46KU0CL) [Debug] 1 [PackageName] WindowsEditor [ProjectName] Editor" joined multi-casting on [225.0.0.222:54997]...

Player connection [10884] Host "[IP] 10.253.91.205 [Port] 0 [Flags] 2 [Guid] 3936204872 [EditorId] 3936204872 [Version] 1048832 [Id] WindowsEditor(7,DESKTOP-46KU0CL) [Debug] 1 [PackageName] WindowsEditor [ProjectName] Editor" joined alternative multi-casting on [225.0.0.222:34997]...

Refreshing native plugins compatible for Editor in 24.32 ms, found 2 plugins.
Preloading 0 native plugins for Editor in 0.00 ms.
Initialize engine version: 2021.3.16f1 (4016570cf34f)
[Subsystems] Discovering subsystems at path C:/Program Files/Unity/Hub/Editor/2021.3.16f1/Editor/Data/Resources/UnitySubsystems
[Subsystems] Discovering subsystems at path C:/Users/Louie Marcou/OneDrive/Documents/GitHub/MAGD_372/ProceduralGeneration1/Assets
GfxDevice: creating device client; threaded=0; jobified=0
Direct3D:
    Version:  Direct3D 11.0 [level 11.1]
    Renderer: NVIDIA GeForce RTX 3060 (ID=0x2504)
    Vendor:   NVIDIA
    VRAM:     12142 MB
    Driver:   31.0.15.1694
Initialize mono
Mono path[0] = 'C:/Program Files/Unity/Hub/Editor/2021.3.16f1/Editor/Data/Managed'
Mono path[1] = 'C:/Program Files/Unity/Hub/Editor/2021.3.16f1/Editor/Data/MonoBleedingEdge/lib/mono/unityjit-win32'
Mono config path = 'C:/Program Files/Unity/Hub/Editor/2021.3.16f1/Editor/Data/MonoBleedingEdge/etc'
Using monoOptions --debugger-agent=transport=dt_socket,embedding=1,server=y,suspend=n,address=127.0.0.1:56740
Begin MonoManager ReloadAssembly
Registering precompiled unity dll's ...
Register platform support module: C:/Program Files/Unity/Hub/Editor/2021.3.16f1/Editor/Data/PlaybackEngines/WindowsStandaloneSupport/UnityEditor.WindowsStandalone.Extensions.dll
Registered in 0.008050 seconds.
Native extension for WindowsStandalone target not found
Refreshing native plugins compatible for Editor in 21.38 ms, found 2 plugins.
Preloading 0 native plugins for Editor in 0.00 ms.
Mono: successfully reloaded assembly
- Completed reload, in  0.528 seconds
Domain Reload Profiling:
	ReloadAssembly (529ms)
		BeginReloadAssembly (74ms)
			ExecutionOrderSort (0ms)
			DisableScriptedObjects (0ms)
			BackupInstance (0ms)
			ReleaseScriptingObjects (0ms)
			CreateAndSetChildDomain (1ms)
		EndReloadAssembly (346ms)
			LoadAssemblies (72ms)
			RebuildTransferFunctionScriptingTraits (0ms)
			SetupTypeCache (89ms)
			ReleaseScriptCaches (0ms)
			RebuildScriptCaches (23ms)
			SetupLoadedEditorAssemblies (188ms)
				LogAssemblyErrors (0ms)
				InitializePlatformSupportModulesInManaged (7ms)
				SetLoadedEditorAssemblies (0ms)
				RefreshPlugins (21ms)
				BeforeProcessingInitializeOnLoad (1ms)
				ProcessInitializeOnLoadAttributes (121ms)
				ProcessInitializeOnLoadMethodAttributes (38ms)
				AfterProcessingInitializeOnLoad (0ms)
				EditorAssembliesLoaded (0ms)
			ExecutionOrderSort2 (0ms)
			AwakeInstancesAfterBackupRestoration (0ms)
Platform modules already initialized, skipping
Registering precompiled user dll's ...
Registered in 0.004632 seconds.
Begin MonoManager ReloadAssembly
Native extension for WindowsStandalone target not found
Refreshing native plugins compatible for Editor in 0.29 ms, found 2 plugins.
Preloading 0 native plugins for Editor in 0.00 ms.
Mono: successfully reloaded assembly
- Completed reload, in  0.920 seconds
Domain Reload Profiling:
	ReloadAssembly (920ms)
		BeginReloadAssembly (113ms)
			ExecutionOrderSort (0ms)
			DisableScriptedObjects (5ms)
			BackupInstance (0ms)
			ReleaseScriptingObjects (0ms)
			CreateAndSetChildDomain (15ms)
		EndReloadAssembly (702ms)
			LoadAssemblies (83ms)
			RebuildTransferFunctionScriptingTraits (0ms)
			SetupTypeCache (146ms)
			ReleaseScriptCaches (0ms)
			RebuildScriptCaches (35ms)
			SetupLoadedEditorAssemblies (415ms)
				LogAssemblyErrors (0ms)
				InitializePlatformSupportModulesInManaged (5ms)
				SetLoadedEditorAssemblies (0ms)
				RefreshPlugins (0ms)
				BeforeProcessingInitializeOnLoad (47ms)
				ProcessInitializeOnLoadAttributes (332ms)
				ProcessInitializeOnLoadMethodAttributes (20ms)
				AfterProcessingInitializeOnLoad (10ms)
				EditorAssembliesLoaded (0ms)
			ExecutionOrderSort2 (0ms)
			AwakeInstancesAfterBackupRestoration (8ms)
Platform modules already initialized, skipping
========================================================================
Worker process is ready to serve import requests
Launched and connected shader compiler UnityShaderCompiler.exe after 0.03 seconds
Refreshing native plugins compatible for Editor in 0.30 ms, found 2 plugins.
Preloading 0 native plugins for Editor in 0.00 ms.
Unloading 1663 Unused Serialized files (Serialized files now loaded: 0)
Unloading 19 unused Assets / (48.1 KB). Loaded Objects now: 2130.
Memory consumption went from 72.3 MB to 72.3 MB.
Total: 2.459900 ms (FindLiveObjects: 0.117900 ms CreateObjectMapping: 0.055900 ms MarkObjects: 2.230800 ms  DeleteObjects: 0.054600 ms)

AssetImportParameters requested are different than current active one (requested -> active):
  custom:video-decoder-ogg-theora: a1e56fd34408186e4bbccfd4996cb3dc -> 
  custom:container-muxer-webm: aa71ff27fc2769a1b78a27578f13a17b -> 
  custom:container-demuxer-webm: 4f35f7cbe854078d1ac9338744f61a02 -> 
  custom:video-encoder-webm-vp8: eb34c28f22e8b96e1ab97ce403110664 -> 
  custom:audio-encoder-webm-vorbis: bf7c407c2cedff20999df2af8eb42d56 -> 
  custom:framework-win-MediaFoundation: 216162199b28c13a410421893ffa2e32 -> 
  custom:container-demuxer-ogg: 62fdf1f143b41e24485cea50d1cbac27 -> 
  custom:video-decoder-webm-vp8: 9c59270c3fd7afecdb556c50c9e8de78 -> 
  custom:audio-decoder-ogg-vorbis: bf7c407c2cedff20999df2af8eb42d56 -> 
========================================================================
Received Import Request.
  Time since last request: 167166.124464 seconds.
  path: Assets/Scripts/MeshGenerator2.cs
  artifactKey: Guid(c18e28973c29ab849b7ab7ed6e6f6a12) Importer(815301076,1909f56bfc062723c751e8b465ee728b)
Start importing Assets/Scripts/MeshGenerator2.cs using Guid(c18e28973c29ab849b7ab7ed6e6f6a12) Importer(815301076,1909f56bfc062723c751e8b465ee728b)  -> (artifact id: '2bcdcaebf9e29edc932795908beb756d') in 0.020563 seconds 
========================================================================
Received Import Request.
  Time since last request: 5.018934 seconds.
  path: Assets/Scripts/MeshGenerator2.cs
  artifactKey: Guid(c18e28973c29ab849b7ab7ed6e6f6a12) Importer(815301076,1909f56bfc062723c751e8b465ee728b)
Start importing Assets/Scripts/MeshGenerator2.cs using Guid(c18e28973c29ab849b7ab7ed6e6f6a12) Importer(815301076,1909f56bfc062723c751e8b465ee728b)  -> (artifact id: '0d970938056483c0f7dcfab09da35d65') in 0.001653 seconds 
========================================================================
Received Import Request.
  Time since last request: 19.650801 seconds.
  path: Assets/Scripts/MeshGenerator2.cs
  artifactKey: Guid(c18e28973c29ab849b7ab7ed6e6f6a12) Importer(815301076,1909f56bfc062723c751e8b465ee728b)
Start importing Assets/Scripts/MeshGenerator2.cs using Guid(c18e28973c29ab849b7ab7ed6e6f6a12) Importer(815301076,1909f56bfc062723c751e8b465ee728b)  -> (artifact id: '1e462bdfd4d7ad7c2b7077dbcae449fb') in 0.001601 seconds 
========================================================================
Received Import Request.
  Time since last request: 3.675085 seconds.
  path: Assets/Scripts/MeshGenerator2.cs
  artifactKey: Guid(c18e28973c29ab849b7ab7ed6e6f6a12) Importer(815301076,1909f56bfc062723c751e8b465ee728b)
Start importing Assets/Scripts/MeshGenerator2.cs using Guid(c18e28973c29ab849b7ab7ed6e6f6a12) Importer(815301076,1909f56bfc062723c751e8b465ee728b)  -> (artifact id: 'b8340c9ccee6e5321957af8eb8bee4a2') in 0.001512 seconds 
========================================================================
Received Import Request.
  Time since last request: 27.598416 seconds.
  path: Assets/Scripts/MeshGenerator2.cs
  artifactKey: Guid(c18e28973c29ab849b7ab7ed6e6f6a12) Importer(815301076,1909f56bfc062723c751e8b465ee728b)
Start importing Assets/Scripts/MeshGenerator2.cs using Guid(c18e28973c29ab849b7ab7ed6e6f6a12) Importer(815301076,1909f56bfc062723c751e8b465ee728b)  -> (artifact id: '39945151984bbd81a2358520bc6b2c77') in 0.001547 seconds 
========================================================================
Received Import Request.
  Time since last request: 25.187017 seconds.
  path: Assets/Scripts/MeshGenerator2.cs
  artifactKey: Guid(c18e28973c29ab849b7ab7ed6e6f6a12) Importer(815301076,1909f56bfc062723c751e8b465ee728b)
Start importing Assets/Scripts/MeshGenerator2.cs using Guid(c18e28973c29ab849b7ab7ed6e6f6a12) Importer(815301076,1909f56bfc062723c751e8b465ee728b)  -> (artifact id: '7b323aee997e3e00933152b1cfef6682') in 0.001643 seconds 
========================================================================
Received Import Request.
  Time since last request: 92.599495 seconds.
  path: Assets/Scripts/MeshGenerator2.cs
  artifactKey: Guid(c18e28973c29ab849b7ab7ed6e6f6a12) Importer(815301076,1909f56bfc062723c751e8b465ee728b)
Start importing Assets/Scripts/MeshGenerator2.cs using Guid(c18e28973c29ab849b7ab7ed6e6f6a12) Importer(815301076,1909f56bfc062723c751e8b465ee728b)  -> (artifact id: '6aaa4e3d01e8b51b3d27d1f2d5fc7e6a') in 0.001550 seconds 
========================================================================
Received Import Request.
  Time since last request: 27.379049 seconds.
  path: Assets/Scripts/MeshGenerator2.cs
  artifactKey: Guid(c18e28973c29ab849b7ab7ed6e6f6a12) Importer(815301076,1909f56bfc062723c751e8b465ee728b)
Start importing Assets/Scripts/MeshGenerator2.cs using Guid(c18e28973c29ab849b7ab7ed6e6f6a12) Importer(815301076,1909f56bfc062723c751e8b465ee728b)  -> (artifact id: '3fdec902f4b06806ec9fc9a481cf7d82') in 0.001555 seconds 
========================================================================
Received Import Request.
  Time since last request: 22.808996 seconds.
  path: Assets/Scripts/MeshGenerator2.cs
  artifactKey: Guid(c18e28973c29ab849b7ab7ed6e6f6a12) Importer(815301076,1909f56bfc062723c751e8b465ee728b)
Start importing Assets/Scripts/MeshGenerator2.cs using Guid(c18e28973c29ab849b7ab7ed6e6f6a12) Importer(815301076,1909f56bfc062723c751e8b465ee728b)  -> (artifact id: 'bef81a66045e0dc4903a32cb296b49b8') in 0.001686 seconds 
========================================================================
Received Import Request.
  Time since last request: 18.349112 seconds.
  path: Assets/Scripts/MeshGenerator2.cs
  artifactKey: Guid(c18e28973c29ab849b7ab7ed6e6f6a12) Importer(815301076,1909f56bfc062723c751e8b465ee728b)
Start importing Assets/Scripts/MeshGenerator2.cs using Guid(c18e28973c29ab849b7ab7ed6e6f6a12) Importer(815301076,1909f56bfc062723c751e8b465ee728b)  -> (artifact id: 'c3c4e947252cabae221aba33c2250e0b') in 0.001903 seconds 
========================================================================
Received Import Request.
  Time since last request: 11.557067 seconds.
  path: Assets/Scripts/MeshGenerator2.cs
  artifactKey: Guid(c18e28973c29ab849b7ab7ed6e6f6a12) Importer(815301076,1909f56bfc062723c751e8b465ee728b)
Start importing Assets/Scripts/MeshGenerator2.cs using Guid(c18e28973c29ab849b7ab7ed6e6f6a12) Importer(815301076,1909f56bfc062723c751e8b465ee728b)  -> (artifact id: '8dd8fe9e1602f2b327e661f6863266f0') in 0.001592 seconds 
========================================================================
Received Import Request.
  Time since last request: 17.541421 seconds.
  path: Assets/Scripts/MeshGenerator2.cs
  artifactKey: Guid(c18e28973c29ab849b7ab7ed6e6f6a12) Importer(815301076,1909f56bfc062723c751e8b465ee728b)
Start importing Assets/Scripts/MeshGenerator2.cs using Guid(c18e28973c29ab849b7ab7ed6e6f6a12) Importer(815301076,1909f56bfc062723c751e8b465ee728b)  -> (artifact id: 'c6870b88b25024165d9f8b60cadc7361') in 0.001599 seconds 
========================================================================
Received Import Request.
  Time since last request: 11.453342 seconds.
  path: Assets/Scripts/MeshGenerator2.cs
  artifactKey: Guid(c18e28973c29ab849b7ab7ed6e6f6a12) Importer(815301076,1909f56bfc062723c751e8b465ee728b)
Start importing Assets/Scripts/MeshGenerator2.cs using Guid(c18e28973c29ab849b7ab7ed6e6f6a12) Importer(815301076,1909f56bfc062723c751e8b465ee728b)  -> (artifact id: '7fce9d2b159f4330e58c9ad931aa509c') in 0.001608 seconds 
========================================================================
Received Import Request.
  Time since last request: 25.781585 seconds.
  path: Assets/Scripts/MeshGenerator2.cs
  artifactKey: Guid(c18e28973c29ab849b7ab7ed6e6f6a12) Importer(815301076,1909f56bfc062723c751e8b465ee728b)
Start importing Assets/Scripts/MeshGenerator2.cs using Guid(c18e28973c29ab849b7ab7ed6e6f6a12) Importer(815301076,1909f56bfc062723c751e8b465ee728b)  -> (artifact id: '26cf7e28dc5f14b5b61f9b7b0d16f72c') in 0.001589 seconds 
========================================================================
Received Import Request.
  Time since last request: 6.465948 seconds.
  path: Assets/Scripts/MeshGenerator2.cs
  artifactKey: Guid(c18e28973c29ab849b7ab7ed6e6f6a12) Importer(815301076,1909f56bfc062723c751e8b465ee728b)
Start importing Assets/Scripts/MeshGenerator2.cs using Guid(c18e28973c29ab849b7ab7ed6e6f6a12) Importer(815301076,1909f56bfc062723c751e8b465ee728b)  -> (artifact id: '7d592d32d43d3fc49c002362390bc7eb') in 0.001600 seconds 
========================================================================
Received Import Request.
  Time since last request: 29.475376 seconds.
  path: Assets/Scripts/MeshGenerator2.cs
  artifactKey: Guid(c18e28973c29ab849b7ab7ed6e6f6a12) Importer(815301076,1909f56bfc062723c751e8b465ee728b)
Start importing Assets/Scripts/MeshGenerator2.cs using Guid(c18e28973c29ab849b7ab7ed6e6f6a12) Importer(815301076,1909f56bfc062723c751e8b465ee728b)  -> (artifact id: '43ffc472917043d0edbd49b812c4e725') in 0.001674 seconds 
========================================================================
Received Import Request.
  Time since last request: 8.458940 seconds.
  path: Assets/Scripts/MeshGenerator2.cs
  artifactKey: Guid(c18e28973c29ab849b7ab7ed6e6f6a12) Importer(815301076,1909f56bfc062723c751e8b465ee728b)
Start importing Assets/Scripts/MeshGenerator2.cs using Guid(c18e28973c29ab849b7ab7ed6e6f6a12) Importer(815301076,1909f56bfc062723c751e8b465ee728b)  -> (artifact id: '1787ee9e6b3310ef5248141f598e9c19') in 0.001657 seconds 
========================================================================
Received Import Request.
  Time since last request: 64.234473 seconds.
  path: Assets/Scripts/MeshGenerator2.cs
  artifactKey: Guid(c18e28973c29ab849b7ab7ed6e6f6a12) Importer(815301076,1909f56bfc062723c751e8b465ee728b)
Start importing Assets/Scripts/MeshGenerator2.cs using Guid(c18e28973c29ab849b7ab7ed6e6f6a12) Importer(815301076,1909f56bfc062723c751e8b465ee728b)  -> (artifact id: '8f41b2537ed1a680e6ac0067abd63283') in 0.001594 seconds 
========================================================================
Received Import Request.
  Time since last request: 16.520468 seconds.
  path: Assets/Scripts/MeshGenerator2.cs
  artifactKey: Guid(c18e28973c29ab849b7ab7ed6e6f6a12) Importer(815301076,1909f56bfc062723c751e8b465ee728b)
Start importing Assets/Scripts/MeshGenerator2.cs using Guid(c18e28973c29ab849b7ab7ed6e6f6a12) Importer(815301076,1909f56bfc062723c751e8b465ee728b)  -> (artifact id: '5d3d8c86d8575cfd25cd470ae003042d') in 0.001523 seconds 
========================================================================
Received Import Request.
  Time since last request: 8.458151 seconds.
  path: Assets/Scripts/MeshGenerator2.cs
  artifactKey: Guid(c18e28973c29ab849b7ab7ed6e6f6a12) Importer(815301076,1909f56bfc062723c751e8b465ee728b)
Start importing Assets/Scripts/MeshGenerator2.cs using Guid(c18e28973c29ab849b7ab7ed6e6f6a12) Importer(815301076,1909f56bfc062723c751e8b465ee728b)  -> (artifact id: 'f8b669cba7bac475ec32fadc7779539e') in 0.001675 seconds 
========================================================================
Received Import Request.
  Time since last request: 12.036288 seconds.
  path: Assets/Scripts/MeshGenerator2.cs
  artifactKey: Guid(c18e28973c29ab849b7ab7ed6e6f6a12) Importer(815301076,1909f56bfc062723c751e8b465ee728b)
Start importing Assets/Scripts/MeshGenerator2.cs using Guid(c18e28973c29ab849b7ab7ed6e6f6a12) Importer(815301076,1909f56bfc062723c751e8b465ee728b)  -> (artifact id: '5c34ffb046ec97e8cf5e11326e458f5d') in 0.001561 seconds 
========================================================================
Received Import Request.
  Time since last request: 121.883509 seconds.
  path: Assets/Scripts/MeshGenerator2.cs
  artifactKey: Guid(c18e28973c29ab849b7ab7ed6e6f6a12) Importer(815301076,1909f56bfc062723c751e8b465ee728b)
Start importing Assets/Scripts/MeshGenerator2.cs using Guid(c18e28973c29ab849b7ab7ed6e6f6a12) Importer(815301076,1909f56bfc062723c751e8b465ee728b)  -> (artifact id: '9c79a79bb673e188f3c1a1853c820f92') in 0.001589 seconds 
========================================================================
Received Import Request.
  Time since last request: 14.532313 seconds.
  path: Assets/Scripts/MeshGenerator2.cs
  artifactKey: Guid(c18e28973c29ab849b7ab7ed6e6f6a12) Importer(815301076,1909f56bfc062723c751e8b465ee728b)
Start importing Assets/Scripts/MeshGenerator2.cs using Guid(c18e28973c29ab849b7ab7ed6e6f6a12) Importer(815301076,1909f56bfc062723c751e8b465ee728b)  -> (artifact id: '831ba073ff676ddae18b7e291a9199dd') in 0.001552 seconds 
========================================================================
Received Import Request.
  Time since last request: 12.156533 seconds.
  path: Assets/Scripts/MeshGenerator2.cs
  artifactKey: Guid(c18e28973c29ab849b7ab7ed6e6f6a12) Importer(815301076,1909f56bfc062723c751e8b465ee728b)
Start importing Assets/Scripts/MeshGenerator2.cs using Guid(c18e28973c29ab849b7ab7ed6e6f6a12) Importer(815301076,1909f56bfc062723c751e8b465ee728b)  -> (artifact id: '1b0b3c1c34aa6a2be73f8cf624f41482') in 0.001537 seconds 
========================================================================
Received Import Request.
  Time since last request: 56.474905 seconds.
  path: Assets/Scripts/MeshGenerator2.cs
  artifactKey: Guid(c18e28973c29ab849b7ab7ed6e6f6a12) Importer(815301076,1909f56bfc062723c751e8b465ee728b)
Start importing Assets/Scripts/MeshGenerator2.cs using Guid(c18e28973c29ab849b7ab7ed6e6f6a12) Importer(815301076,1909f56bfc062723c751e8b465ee728b)  -> (artifact id: 'e9371ae5c32bf25130086ed27d8f2614') in 0.001565 seconds 
========================================================================
Received Import Request.
  Time since last request: 27.095367 seconds.
  path: Assets/Scripts/MeshGenerator2.cs
  artifactKey: Guid(c18e28973c29ab849b7ab7ed6e6f6a12) Importer(815301076,1909f56bfc062723c751e8b465ee728b)
Start importing Assets/Scripts/MeshGenerator2.cs using Guid(c18e28973c29ab849b7ab7ed6e6f6a12) Importer(815301076,1909f56bfc062723c751e8b465ee728b)  -> (artifact id: '9d7362206f31bd7ff41eeae1401731f8') in 0.001585 seconds 
========================================================================
Received Import Request.
  Time since last request: 88.344460 seconds.
  path: Assets/Scripts/MeshGenerator2.cs
  artifactKey: Guid(c18e28973c29ab849b7ab7ed6e6f6a12) Importer(815301076,1909f56bfc062723c751e8b465ee728b)
Start importing Assets/Scripts/MeshGenerator2.cs using Guid(c18e28973c29ab849b7ab7ed6e6f6a12) Importer(815301076,1909f56bfc062723c751e8b465ee728b)  -> (artifact id: '45350c0748b77cacdd9d9aae1fa6a7bc') in 0.001665 seconds 
========================================================================
Received Import Request.
  Time since last request: 35.440857 seconds.
  path: Assets/Scripts/MeshGenerator2.cs
  artifactKey: Guid(c18e28973c29ab849b7ab7ed6e6f6a12) Importer(815301076,1909f56bfc062723c751e8b465ee728b)
Start importing Assets/Scripts/MeshGenerator2.cs using Guid(c18e28973c29ab849b7ab7ed6e6f6a12) Importer(815301076,1909f56bfc062723c751e8b465ee728b)  -> (artifact id: 'f932a82d2e7292328e3d665909173af7') in 0.001551 seconds 
========================================================================
Received Import Request.
  Time since last request: 65.778829 seconds.
  path: Assets/Scripts/MeshGenerator2.cs
  artifactKey: Guid(c18e28973c29ab849b7ab7ed6e6f6a12) Importer(815301076,1909f56bfc062723c751e8b465ee728b)
Start importing Assets/Scripts/MeshGenerator2.cs using Guid(c18e28973c29ab849b7ab7ed6e6f6a12) Importer(815301076,1909f56bfc062723c751e8b465ee728b)  -> (artifact id: 'a81e3023323e80ab3e5b3050d16299b5') in 0.001679 seconds 
========================================================================
Received Import Request.
  Time since last request: 19.914058 seconds.
  path: Assets/Scripts/MeshGenerator2.cs
  artifactKey: Guid(c18e28973c29ab849b7ab7ed6e6f6a12) Importer(815301076,1909f56bfc062723c751e8b465ee728b)
Start importing Assets/Scripts/MeshGenerator2.cs using Guid(c18e28973c29ab849b7ab7ed6e6f6a12) Importer(815301076,1909f56bfc062723c751e8b465ee728b)  -> (artifact id: 'b854ed3aca1337ef3d586ac3ebcba54b') in 0.001584 seconds 
========================================================================
Received Import Request.
  Time since last request: 14.228888 seconds.
  path: Assets/Scripts/MeshGenerator2.cs
  artifactKey: Guid(c18e28973c29ab849b7ab7ed6e6f6a12) Importer(815301076,1909f56bfc062723c751e8b465ee728b)
Start importing Assets/Scripts/MeshGenerator2.cs using Guid(c18e28973c29ab849b7ab7ed6e6f6a12) Importer(815301076,1909f56bfc062723c751e8b465ee728b)  -> (artifact id: '40defb5297712824fb77c81120d12b4d') in 0.001514 seconds 
========================================================================
Received Prepare
Registering precompiled user dll's ...
Registered in 0.005407 seconds.
Begin MonoManager ReloadAssembly
Native extension for WindowsStandalone target not found
Refreshing native plugins compatible for Editor in 0.29 ms, found 2 plugins.
Preloading 0 native plugins for Editor in 0.00 ms.
Mono: successfully reloaded assembly
- Completed reload, in  0.906 seconds
Domain Reload Profiling:
	ReloadAssembly (907ms)
		BeginReloadAssembly (116ms)
			ExecutionOrderSort (0ms)
			DisableScriptedObjects (5ms)
			BackupInstance (0ms)
			ReleaseScriptingObjects (0ms)
			CreateAndSetChildDomain (24ms)
		EndReloadAssembly (691ms)
			LoadAssemblies (85ms)
			RebuildTransferFunctionScriptingTraits (0ms)
			SetupTypeCache (159ms)
			ReleaseScriptCaches (1ms)
			RebuildScriptCaches (32ms)
			SetupLoadedEditorAssemblies (387ms)
				LogAssemblyErrors (0ms)
				InitializePlatformSupportModulesInManaged (11ms)
				SetLoadedEditorAssemblies (0ms)
				RefreshPlugins (0ms)
				BeforeProcessingInitializeOnLoad (47ms)
				ProcessInitializeOnLoadAttributes (301ms)
				ProcessInitializeOnLoadMethodAttributes (18ms)
				AfterProcessingInitializeOnLoad (9ms)
				EditorAssembliesLoaded (0ms)
			ExecutionOrderSort2 (0ms)
			AwakeInstancesAfterBackupRestoration (4ms)
Platform modules already initialized, skipping
Refreshing native plugins compatible for Editor in 1.38 ms, found 2 plugins.
Preloading 0 native plugins for Editor in 0.00 ms.
Unloading 1657 Unused Serialized files (Serialized files now loaded: 0)
Unloading 12 unused Assets / (24.6 KB). Loaded Objects now: 2133.
Memory consumption went from 72.1 MB to 72.1 MB.
Total: 2.244800 ms (FindLiveObjects: 0.104100 ms CreateObjectMapping: 0.041400 ms MarkObjects: 2.083900 ms  DeleteObjects: 0.014800 ms)

AssetImportParameters requested are different than current active one (requested -> active):
  custom:video-decoder-ogg-theora: a1e56fd34408186e4bbccfd4996cb3dc -> 
  custom:container-muxer-webm: aa71ff27fc2769a1b78a27578f13a17b -> 
  custom:container-demuxer-webm: 4f35f7cbe854078d1ac9338744f61a02 -> 
  custom:video-encoder-webm-vp8: eb34c28f22e8b96e1ab97ce403110664 -> 
  custom:audio-encoder-webm-vorbis: bf7c407c2cedff20999df2af8eb42d56 -> 
  custom:framework-win-MediaFoundation: 216162199b28c13a410421893ffa2e32 -> 
  custom:container-demuxer-ogg: 62fdf1f143b41e24485cea50d1cbac27 -> 
  custom:video-decoder-webm-vp8: 9c59270c3fd7afecdb556c50c9e8de78 -> 
  custom:audio-decoder-ogg-vorbis: bf7c407c2cedff20999df2af8eb42d56 -> 
========================================================================
Received Prepare
Registering precompiled user dll's ...
Registered in 0.005729 seconds.
Begin MonoManager ReloadAssembly
Native extension for WindowsStandalone target not found
Refreshing native plugins compatible for Editor in 0.29 ms, found 2 plugins.
Preloading 0 native plugins for Editor in 0.00 ms.
Mono: successfully reloaded assembly
- Completed reload, in  0.911 seconds
Domain Reload Profiling:
	ReloadAssembly (911ms)
		BeginReloadAssembly (108ms)
			ExecutionOrderSort (0ms)
			DisableScriptedObjects (4ms)
			BackupInstance (0ms)
			ReleaseScriptingObjects (0ms)
			CreateAndSetChildDomain (23ms)
		EndReloadAssembly (710ms)
			LoadAssemblies (74ms)
			RebuildTransferFunctionScriptingTraits (0ms)
			SetupTypeCache (169ms)
			ReleaseScriptCaches (1ms)
			RebuildScriptCaches (30ms)
			SetupLoadedEditorAssemblies (409ms)
				LogAssemblyErrors (0ms)
				InitializePlatformSupportModulesInManaged (11ms)
				SetLoadedEditorAssemblies (0ms)
				RefreshPlugins (0ms)
				BeforeProcessingInitializeOnLoad (44ms)
				ProcessInitializeOnLoadAttributes (321ms)
				ProcessInitializeOnLoadMethodAttributes (22ms)
				AfterProcessingInitializeOnLoad (10ms)
				EditorAssembliesLoaded (0ms)
			ExecutionOrderSort2 (0ms)
			AwakeInstancesAfterBackupRestoration (5ms)
Platform modules already initialized, skipping
Refreshing native plugins compatible for Editor in 1.42 ms, found 2 plugins.
Preloading 0 native plugins for Editor in 0.00 ms.
Unloading 1657 Unused Serialized files (Serialized files now loaded: 0)
Unloading 12 unused Assets / (24.6 KB). Loaded Objects now: 2136.
Memory consumption went from 72.1 MB to 72.1 MB.
Total: 2.225000 ms (FindLiveObjects: 0.111500 ms CreateObjectMapping: 0.045800 ms MarkObjects: 2.050000 ms  DeleteObjects: 0.017000 ms)

AssetImportParameters requested are different than current active one (requested -> active):
  custom:video-decoder-ogg-theora: a1e56fd34408186e4bbccfd4996cb3dc -> 
  custom:container-muxer-webm: aa71ff27fc2769a1b78a27578f13a17b -> 
  custom:container-demuxer-webm: 4f35f7cbe854078d1ac9338744f61a02 -> 
  custom:video-encoder-webm-vp8: eb34c28f22e8b96e1ab97ce403110664 -> 
  custom:audio-encoder-webm-vorbis: bf7c407c2cedff20999df2af8eb42d56 -> 
  custom:framework-win-MediaFoundation: 216162199b28c13a410421893ffa2e32 -> 
  custom:container-demuxer-ogg: 62fdf1f143b41e24485cea50d1cbac27 -> 
  custom:video-decoder-webm-vp8: 9c59270c3fd7afecdb556c50c9e8de78 -> 
  custom:audio-decoder-ogg-vorbis: bf7c407c2cedff20999df2af8eb42d56 -> 
========================================================================
Received Prepare
Registering precompiled user dll's ...
Registered in 0.005809 seconds.
Begin MonoManager ReloadAssembly
Native extension for WindowsStandalone target not found
Refreshing native plugins compatible for Editor in 0.28 ms, found 2 plugins.
Preloading 0 native plugins for Editor in 0.00 ms.
Mono: successfully reloaded assembly
- Completed reload, in  0.872 seconds
Domain Reload Profiling:
	ReloadAssembly (873ms)
		BeginReloadAssembly (114ms)
			ExecutionOrderSort (0ms)
			DisableScriptedObjects (5ms)
			BackupInstance (0ms)
			ReleaseScriptingObjects (0ms)
			CreateAndSetChildDomain (26ms)
		EndReloadAssembly (670ms)
			LoadAssemblies (75ms)
			RebuildTransferFunctionScriptingTraits (0ms)
			SetupTypeCache (152ms)
			ReleaseScriptCaches (1ms)
			RebuildScriptCaches (33ms)
			SetupLoadedEditorAssemblies (384ms)
				LogAssemblyErrors (0ms)
				InitializePlatformSupportModulesInManaged (12ms)
				SetLoadedEditorAssemblies (0ms)
				RefreshPlugins (0ms)
				BeforeProcessingInitializeOnLoad (45ms)
				ProcessInitializeOnLoadAttributes (300ms)
				ProcessInitializeOnLoadMethodAttributes (17ms)
				AfterProcessingInitializeOnLoad (9ms)
				EditorAssembliesLoaded (0ms)
			ExecutionOrderSort2 (0ms)
			AwakeInstancesAfterBackupRestoration (4ms)
Platform modules already initialized, skipping
Refreshing native plugins compatible for Editor in 1.35 ms, found 2 plugins.
Preloading 0 native plugins for Editor in 0.00 ms.
Unloading 1657 Unused Serialized files (Serialized files now loaded: 0)
Unloading 12 unused Assets / (24.7 KB). Loaded Objects now: 2139.
Memory consumption went from 72.1 MB to 72.1 MB.
Total: 2.388700 ms (FindLiveObjects: 0.111400 ms CreateObjectMapping: 0.046700 ms MarkObjects: 2.215700 ms  DeleteObjects: 0.014200 ms)

AssetImportParameters requested are different than current active one (requested -> active):
  custom:video-decoder-ogg-theora: a1e56fd34408186e4bbccfd4996cb3dc -> 
  custom:container-muxer-webm: aa71ff27fc2769a1b78a27578f13a17b -> 
  custom:container-demuxer-webm: 4f35f7cbe854078d1ac9338744f61a02 -> 
  custom:video-encoder-webm-vp8: eb34c28f22e8b96e1ab97ce403110664 -> 
  custom:audio-encoder-webm-vorbis: bf7c407c2cedff20999df2af8eb42d56 -> 
  custom:framework-win-MediaFoundation: 216162199b28c13a410421893ffa2e32 -> 
  custom:container-demuxer-ogg: 62fdf1f143b41e24485cea50d1cbac27 -> 
  custom:video-decoder-webm-vp8: 9c59270c3fd7afecdb556c50c9e8de78 -> 
  custom:audio-decoder-ogg-vorbis: bf7c407c2cedff20999df2af8eb42d56 -> 
========================================================================
Received Prepare
Registering precompiled user dll's ...
Registered in 0.005042 seconds.
Begin MonoManager ReloadAssembly
Native extension for WindowsStandalone target not found
Refreshing native plugins compatible for Editor in 0.31 ms, found 2 plugins.
Preloading 0 native plugins for Editor in 0.00 ms.
Mono: successfully reloaded assembly
- Completed reload, in  0.905 seconds
Domain Reload Profiling:
	ReloadAssembly (906ms)
		BeginReloadAssembly (118ms)
			ExecutionOrderSort (0ms)
			DisableScriptedObjects (5ms)
			BackupInstance (0ms)
			ReleaseScriptingObjects (0ms)
			CreateAndSetChildDomain (30ms)
		EndReloadAssembly (698ms)
			LoadAssemblies (78ms)
			RebuildTransferFunctionScriptingTraits (0ms)
			SetupTypeCache (163ms)
			ReleaseScriptCaches (1ms)
			RebuildScriptCaches (32ms)
			SetupLoadedEditorAssemblies (395ms)
				LogAssemblyErrors (0ms)
				InitializePlatformSupportModulesInManaged (13ms)
				SetLoadedEditorAssemblies (0ms)
				RefreshPlugins (0ms)
				BeforeProcessingInitializeOnLoad (47ms)
				ProcessInitializeOnLoadAttributes (305ms)
				ProcessInitializeOnLoadMethodAttributes (19ms)
				AfterProcessingInitializeOnLoad (9ms)
				EditorAssembliesLoaded (0ms)
			ExecutionOrderSort2 (0ms)
			AwakeInstancesAfterBackupRestoration (5ms)
Platform modules already initialized, skipping
Refreshing native plugins compatible for Editor in 1.34 ms, found 2 plugins.
Preloading 0 native plugins for Editor in 0.00 ms.
Unloading 1657 Unused Serialized files (Serialized files now loaded: 0)
Unloading 12 unused Assets / (24.7 KB). Loaded Objects now: 2142.
Memory consumption went from 72.1 MB to 72.1 MB.
Total: 2.133400 ms (FindLiveObjects: 0.109900 ms CreateObjectMapping: 0.040400 ms MarkObjects: 1.971500 ms  DeleteObjects: 0.011200 ms)

AssetImportParameters requested are different than current active one (requested -> active):
  custom:video-decoder-ogg-theora: a1e56fd34408186e4bbccfd4996cb3dc -> 
  custom:container-muxer-webm: aa71ff27fc2769a1b78a27578f13a17b -> 
  custom:container-demuxer-webm: 4f35f7cbe854078d1ac9338744f61a02 -> 
  custom:video-encoder-webm-vp8: eb34c28f22e8b96e1ab97ce403110664 -> 
  custom:audio-encoder-webm-vorbis: bf7c407c2cedff20999df2af8eb42d56 -> 
  custom:framework-win-MediaFoundation: 216162199b28c13a410421893ffa2e32 -> 
  custom:container-demuxer-ogg: 62fdf1f143b41e24485cea50d1cbac27 -> 
  custom:video-decoder-webm-vp8: 9c59270c3fd7afecdb556c50c9e8de78 -> 
  custom:audio-decoder-ogg-vorbis: bf7c407c2cedff20999df2af8eb42d56 -> 
========================================================================
Received Import Request.
  Time since last request: 570.770068 seconds.
  path: Assets/Materials/Mesh Material.mat
  artifactKey: Guid(0a3e178a83aba414f94c1ad94e409552) Importer(815301076,1909f56bfc062723c751e8b465ee728b)
Start importing Assets/Materials/Mesh Material.mat using Guid(0a3e178a83aba414f94c1ad94e409552) Importer(815301076,1909f56bfc062723c751e8b465ee728b)  -> (artifact id: '40a7951edff21b0b57da5da777974628') in 0.082935 seconds 
========================================================================
Received Import Request.
  Time since last request: 18.629561 seconds.
  path: Assets/Materials/Mesh Material.mat
  artifactKey: Guid(0a3e178a83aba414f94c1ad94e409552) Importer(815301076,1909f56bfc062723c751e8b465ee728b)
Start importing Assets/Materials/Mesh Material.mat using Guid(0a3e178a83aba414f94c1ad94e409552) Importer(815301076,1909f56bfc062723c751e8b465ee728b)  -> (artifact id: 'b1a1dda2a1acd10dbd071ea98ed5c6fb') in 0.007255 seconds 
